<?xml version="1.0" encoding="UTF-8"?>
<!-- Generated by org.testng.reporters.JUnitReportReporter -->
<testsuite hostname="Jithendra" failures="0" tests="1" name="test.validLogin" time="12.180" errors="0" timestamp="2024-01-19T18:02:57 IST" skipped="0">
  <testcase classname="test.validLogin" name="testValidLogin" time="12.180">
    <system-out>
      <![CDATA[Login is pass]]>
    </system-out>
  </testcase> <!-- testValidLogin -->
  <system-out>
    <![CDATA[App URL : https://polarislogin-so1.replicon.com/
ITO : 10
ETO : 20
Login is pass
testValidLogin
1
testValidLogin TestCase is passed , Screenshot is NOT taken]]>
  </system-out>
</testsuite> <!-- test.validLogin -->
