<?xml version="1.0" encoding="UTF-8"?>
<!-- Generated by org.testng.reporters.JUnitReportReporter -->
<testsuite hostname="Jithendra" failures="0" tests="1" name="generic.BaseTest" time="2.764" errors="0" timestamp="2024-01-18T08:29:01 IST" skipped="0">
  <testcase classname="generic.BaseTest" name="test" time="2.764">
    <system-out>
      <![CDATA[Hi
prtest15]]>
    </system-out>
  </testcase> <!-- test -->
  <system-out>
    <![CDATA[App URL : https://pos.aksharatraining.in/pos/public/
ITO : 1
ETO : 2
Hi
prtest15
test
1
test TestCase is passed , Screenshot is NOT taken]]>
  </system-out>
</testsuite> <!-- generic.BaseTest -->
