<?xml version="1.0" encoding="UTF-8"?>
<!-- Generated by org.testng.reporters.JUnitReportReporter -->
<testsuite hostname="Jithendra" failures="0" tests="1" name="test.Test2" time="0.001" errors="0" timestamp="2024-01-23T22:57:33 IST" skipped="0">
  <testcase classname="test.Test2" name="Test2" time="0.001"/>
</testsuite> <!-- test.Test2 -->
