<?xml version="1.0" encoding="UTF-8"?>
<!-- Generated by org.testng.reporters.JUnitReportReporter -->
<testsuite hostname="Jithendra" failures="0" tests="1" name="test.UploadResumeTest" time="13.888" errors="0" timestamp="2024-07-15T10:58:03 IST" skipped="0">
  <testcase classname="test.UploadResumeTest" name="uploadResume" time="13.888"/>
  <system-out/>
</testsuite> <!-- test.UploadResumeTest -->
