<?xml version="1.0" encoding="UTF-8"?>
<!-- Generated by org.testng.reporters.JUnitReportReporter -->
<testsuite hostname="Jithendra" failures="0" tests="1" name="test.DuplicateCandidateValidationTest" time="1.270" errors="0" timestamp="2024-07-15T10:58:03 IST" skipped="0">
  <testcase classname="test.DuplicateCandidateValidationTest" name="duplicateCandidateValidation" time="1.270"/>
  <system-out/>
</testsuite> <!-- test.DuplicateCandidateValidationTest -->
