<?xml version="1.0" encoding="UTF-8"?>
<!-- Generated by org.testng.reporters.JUnitReportReporter -->
<testsuite hostname="Jithendra" failures="0" tests="1" name="test.LoginTest" time="7.433" errors="0" timestamp="2024-07-15T10:58:03 IST" skipped="0">
  <testcase classname="test.LoginTest" name="testValidLogin" time="7.433"/>
  <system-out>
    <![CDATA[Login is pass]]>
  </system-out>
</testsuite> <!-- test.LoginTest -->
