<?xml version="1.0" encoding="UTF-8"?>
<!-- Generated by org.testng.reporters.JUnitReportReporter -->
<testsuite hostname="Jithendra" failures="0" tests="1" name="test.Demo1" time="13.019" errors="0" timestamp="2024-01-19T08:18:07 IST" skipped="0">
  <testcase classname="test.Demo1" name="test" time="13.019">
    <system-out>
      <![CDATA[Login is pass]]>
    </system-out>
  </testcase> <!-- test -->
  <system-out>
    <![CDATA[App URL : https://polarislogin-so1.replicon.com/
ITO : 10
ETO : 30
Login is pass
test
1
test TestCase is passed , Screenshot is NOT taken]]>
  </system-out>
</testsuite> <!-- test.Demo1 -->
