<?xml version="1.0" encoding="UTF-8"?>
<!-- Generated by org.testng.reporters.JUnitReportReporter -->
<testsuite hostname="Jithendra" failures="0" tests="1" name="test.CreateCandidateTest" time="9.597" errors="0" timestamp="2024-07-15T10:58:03 IST" skipped="0">
  <testcase classname="test.CreateCandidateTest" name="createCandidate" time="9.597"/>
  <system-out/>
</testsuite> <!-- test.CreateCandidateTest -->
