<?xml version="1.0" encoding="UTF-8"?>
<!-- Generated by org.testng.reporters.JUnitReportReporter -->
<testsuite hostname="Jithendra" failures="0" tests="1" name="test.NewTest" time="0.006" errors="0" timestamp="2024-01-23T22:45:55 IST" skipped="0">
  <testcase classname="test.NewTest" name="f" time="0.006"/>
</testsuite> <!-- test.NewTest -->
